<?xml version="1.0" encoding="UTF-8"?>
<coverage generated="1655175789670" clover="3.2.0">
  <project timestamp="1655175789671" name="All files">
    <metrics statements="26" coveredstatements="26" conditionals="0" coveredconditionals="0" methods="14" coveredmethods="14" elements="40" coveredelements="40" complexity="0" loc="26" ncloc="26" packages="1" files="4" classes="4"/>
    <file name="employee.js" path="C:\Users\Guap\Desktop\GitHub\Homework Folder\Week 10 Assignment\team-profile-generator\lib\employee.js">
      <metrics statements="8" coveredstatements="8" conditionals="0" coveredconditionals="0" methods="5" coveredmethods="5"/>
      <line num="5" count="8" type="stmt"/>
      <line num="6" count="8" type="stmt"/>
      <line num="7" count="8" type="stmt"/>
      <line num="12" count="4" type="stmt"/>
      <line num="17" count="4" type="stmt"/>
      <line num="22" count="4" type="stmt"/>
      <line num="27" count="1" type="stmt"/>
      <line num="32" count="4" type="stmt"/>
    </file>
    <file name="engineer.js" path="C:\Users\Guap\Desktop\GitHub\Homework Folder\Week 10 Assignment\team-profile-generator\lib\engineer.js">
      <metrics statements="6" coveredstatements="6" conditionals="0" coveredconditionals="0" methods="3" coveredmethods="3"/>
      <line num="2" count="1" type="stmt"/>
      <line num="11" count="2" type="stmt"/>
      <line num="13" count="2" type="stmt"/>
      <line num="18" count="1" type="stmt"/>
      <line num="23" count="1" type="stmt"/>
      <line num="28" count="1" type="stmt"/>
    </file>
    <file name="intern.js" path="C:\Users\Guap\Desktop\GitHub\Homework Folder\Week 10 Assignment\team-profile-generator\lib\intern.js">
      <metrics statements="6" coveredstatements="6" conditionals="0" coveredconditionals="0" methods="3" coveredmethods="3"/>
      <line num="2" count="1" type="stmt"/>
      <line num="10" count="2" type="stmt"/>
      <line num="12" count="2" type="stmt"/>
      <line num="18" count="1" type="stmt"/>
      <line num="25" count="1" type="stmt"/>
      <line num="30" count="1" type="stmt"/>
    </file>
    <file name="manager.js" path="C:\Users\Guap\Desktop\GitHub\Homework Folder\Week 10 Assignment\team-profile-generator\lib\manager.js">
      <metrics statements="6" coveredstatements="6" conditionals="0" coveredconditionals="0" methods="3" coveredmethods="3"/>
      <line num="2" count="1" type="stmt"/>
      <line num="10" count="2" type="stmt"/>
      <line num="12" count="2" type="stmt"/>
      <line num="18" count="1" type="stmt"/>
      <line num="24" count="1" type="stmt"/>
      <line num="29" count="1" type="stmt"/>
    </file>
  </project>
</coverage>
