{"C:\\Users\\Guap\\Desktop\\GitHub\\Homework Folder\\Week 10 Assignment\\team-profile-generator\\lib\\employee.js": {"path":"C:\\Users\\Guap\\Desktop\\GitHub\\Homework Folder\\Week 10 Assignment\\team-profile-generator\\lib\\employee.js","statementMap":{"0":{"start":{"line":5,"column":8},"end":{"line":5,"column":25}},"1":{"start":{"line":6,"column":8},"end":{"line":6,"column":21}},"2":{"start":{"line":7,"column":8},"end":{"line":7,"column":26}},"3":{"start":{"line":12,"column":8},"end":{"line":12,"column":25}},"4":{"start":{"line":17,"column":8},"end":{"line":17,"column":23}},"5":{"start":{"line":22,"column":8},"end":{"line":22,"column":26}},"6":{"start":{"line":27,"column":8},"end":{"line":27,"column":26}},"7":{"start":{"line":32,"column":0},"end":{"line":32,"column":26}}},"fnMap":{"0":{"name":"(anonymous_0)","decl":{"start":{"line":4,"column":4},"end":{"line":4,"column":5}},"loc":{"start":{"line":4,"column":34},"end":{"line":8,"column":5}},"line":4},"1":{"name":"(anonymous_1)","decl":{"start":{"line":11,"column":4},"end":{"line":11,"column":5}},"loc":{"start":{"line":11,"column":15},"end":{"line":13,"column":5}},"line":11},"2":{"name":"(anonymous_2)","decl":{"start":{"line":16,"column":4},"end":{"line":16,"column":5}},"loc":{"start":{"line":16,"column":13},"end":{"line":18,"column":5}},"line":16},"3":{"name":"(anonymous_3)","decl":{"start":{"line":21,"column":4},"end":{"line":21,"column":5}},"loc":{"start":{"line":21,"column":16},"end":{"line":23,"column":5}},"line":21},"4":{"name":"(anonymous_4)","decl":{"start":{"line":26,"column":4},"end":{"line":26,"column":5}},"loc":{"start":{"line":26,"column":15},"end":{"line":28,"column":5}},"line":26}},"branchMap":{},"s":{"0":8,"1":8,"2":8,"3":4,"4":4,"5":4,"6":1,"7":4},"f":{"0":8,"1":4,"2":4,"3":4,"4":1},"b":{},"_coverageSchema":"1a1c01bbd47fc00a2c39e90264f33305004495a9","hash":"c0a96821e2f4e7802d603b7c0746888f137b70cf"}
,"C:\\Users\\Guap\\Desktop\\GitHub\\Homework Folder\\Week 10 Assignment\\team-profile-generator\\lib\\engineer.js": {"path":"C:\\Users\\Guap\\Desktop\\GitHub\\Homework Folder\\Week 10 Assignment\\team-profile-generator\\lib\\engineer.js","statementMap":{"0":{"start":{"line":2,"column":17},"end":{"line":2,"column":38}},"1":{"start":{"line":11,"column":8},"end":{"line":11,"column":32}},"2":{"start":{"line":13,"column":8},"end":{"line":13,"column":29}},"3":{"start":{"line":18,"column":8},"end":{"line":18,"column":27}},"4":{"start":{"line":23,"column":8},"end":{"line":23,"column":26}},"5":{"start":{"line":28,"column":0},"end":{"line":28,"column":26}}},"fnMap":{"0":{"name":"(anonymous_0)","decl":{"start":{"line":8,"column":4},"end":{"line":8,"column":5}},"loc":{"start":{"line":8,"column":42},"end":{"line":14,"column":5}},"line":8},"1":{"name":"(anonymous_1)","decl":{"start":{"line":17,"column":4},"end":{"line":17,"column":5}},"loc":{"start":{"line":17,"column":17},"end":{"line":19,"column":5}},"line":17},"2":{"name":"(anonymous_2)","decl":{"start":{"line":22,"column":4},"end":{"line":22,"column":5}},"loc":{"start":{"line":22,"column":15},"end":{"line":24,"column":5}},"line":22}},"branchMap":{},"s":{"0":1,"1":2,"2":2,"3":1,"4":1,"5":1},"f":{"0":2,"1":1,"2":1},"b":{},"_coverageSchema":"1a1c01bbd47fc00a2c39e90264f33305004495a9","hash":"fb0e3bebfa87ba2802ecf2f14d5f2689992aca5b"}
,"C:\\Users\\Guap\\Desktop\\GitHub\\Homework Folder\\Week 10 Assignment\\team-profile-generator\\lib\\intern.js": {"path":"C:\\Users\\Guap\\Desktop\\GitHub\\Homework Folder\\Week 10 Assignment\\team-profile-generator\\lib\\intern.js","statementMap":{"0":{"start":{"line":2,"column":17},"end":{"line":2,"column":38}},"1":{"start":{"line":10,"column":8},"end":{"line":10,"column":32}},"2":{"start":{"line":12,"column":8},"end":{"line":12,"column":29}},"3":{"start":{"line":18,"column":8},"end":{"line":18,"column":27}},"4":{"start":{"line":25,"column":8},"end":{"line":25,"column":24}},"5":{"start":{"line":30,"column":0},"end":{"line":30,"column":24}}},"fnMap":{"0":{"name":"(anonymous_0)","decl":{"start":{"line":7,"column":4},"end":{"line":7,"column":5}},"loc":{"start":{"line":7,"column":40},"end":{"line":13,"column":5}},"line":7},"1":{"name":"(anonymous_1)","decl":{"start":{"line":16,"column":4},"end":{"line":16,"column":5}},"loc":{"start":{"line":16,"column":17},"end":{"line":19,"column":5}},"line":16},"2":{"name":"(anonymous_2)","decl":{"start":{"line":22,"column":4},"end":{"line":22,"column":5}},"loc":{"start":{"line":22,"column":15},"end":{"line":26,"column":5}},"line":22}},"branchMap":{},"s":{"0":1,"1":2,"2":2,"3":1,"4":1,"5":1},"f":{"0":2,"1":1,"2":1},"b":{},"_coverageSchema":"1a1c01bbd47fc00a2c39e90264f33305004495a9","hash":"ff4a83e23e44ecdd07a6b954fa7beb8909d5bf98"}
,"C:\\Users\\Guap\\Desktop\\GitHub\\Homework Folder\\Week 10 Assignment\\team-profile-generator\\lib\\manager.js": {"path":"C:\\Users\\Guap\\Desktop\\GitHub\\Homework Folder\\Week 10 Assignment\\team-profile-generator\\lib\\manager.js","statementMap":{"0":{"start":{"line":2,"column":17},"end":{"line":2,"column":38}},"1":{"start":{"line":10,"column":8},"end":{"line":10,"column":32}},"2":{"start":{"line":12,"column":8},"end":{"line":12,"column":29}},"3":{"start":{"line":18,"column":8},"end":{"line":18,"column":27}},"4":{"start":{"line":24,"column":8},"end":{"line":24,"column":25}},"5":{"start":{"line":29,"column":0},"end":{"line":29,"column":24}}},"fnMap":{"0":{"name":"(anonymous_0)","decl":{"start":{"line":7,"column":4},"end":{"line":7,"column":5}},"loc":{"start":{"line":7,"column":40},"end":{"line":13,"column":1}},"line":7},"1":{"name":"(anonymous_1)","decl":{"start":{"line":16,"column":4},"end":{"line":16,"column":5}},"loc":{"start":{"line":16,"column":15},"end":{"line":19,"column":5}},"line":16},"2":{"name":"(anonymous_2)","decl":{"start":{"line":22,"column":4},"end":{"line":22,"column":5}},"loc":{"start":{"line":22,"column":13},"end":{"line":25,"column":5}},"line":22}},"branchMap":{},"s":{"0":1,"1":2,"2":2,"3":1,"4":1,"5":1},"f":{"0":2,"1":1,"2":1},"b":{},"_coverageSchema":"1a1c01bbd47fc00a2c39e90264f33305004495a9","hash":"758f3aa8c5bbf3edca0ead4bb79a632c85c5905f"}
}
