TN:
SF:lib\employee.js
FN:4,(anonymous_0)
FN:11,(anonymous_1)
FN:16,(anonymous_2)
FN:21,(anonymous_3)
FN:26,(anonymous_4)
FNF:5
FNH:5
FNDA:4,(anonymous_0)
FNDA:2,(anonymous_1)
FNDA:2,(anonymous_2)
FNDA:2,(anonymous_3)
FNDA:1,(anonymous_4)
DA:5,4
DA:6,4
DA:7,4
DA:12,2
DA:17,2
DA:22,2
DA:27,1
DA:32,2
LF:8
LH:8
BRF:0
BRH:0
end_of_record
TN:
SF:lib\engineer.js
FN:8,(anonymous_0)
FN:17,(anonymous_1)
FN:22,(anonymous_2)
FNF:3
FNH:2
FNDA:2,(anonymous_0)
FNDA:0,(anonymous_1)
FNDA:1,(anonymous_2)
DA:2,1
DA:11,2
DA:13,2
DA:18,0
DA:23,1
DA:28,1
LF:6
LH:5
BRF:0
BRH:0
end_of_record
